<?xml version="1.0" encoding="UTF-8"?>
<!-- Generated by org.testng.reporters.JUnitXMLReporter -->
<testsuite ignored="0" hostname="DESKTOP-UA7G0ND" failures="0" tests="23" name="Surefire test" time="502.615" errors="0" timestamp="2024-11-13T17:47:38 IST">
  <testcase classname="AEcommerce_tests.AddRecommendedItems_ReviewOnProductsTest" name="addProductReview" time="7.86"/>
  <testcase classname="AEcommerce_tests.AddRecommendedItems_ReviewOnProductsTest" name="addRecommendedItems" time="4.72"/>
  <testcase classname="AEcommerce_tests.ContactUsForm_SubscriptionTest" name="contactUs" time="8.357"/>
  <testcase classname="AEcommerce_tests.ContactUsForm_SubscriptionTest" name="verifySubscription" time="0.479"/>
  <testcase classname="AEcommerce_tests.LoginBeforeCheckoutTest" name="productCart" time="49.363"/>
  <testcase classname="AEcommerce_tests.LoginEmail_ProductCheckoutTest" name="loginCorrect" time="7.416"/>
  <testcase classname="AEcommerce_tests.LoginEmail_ProductCheckoutTest" name="loginCorrect" time="18.629"/>
  <testcase classname="AEcommerce_tests.LoginEmail_ProductCheckoutTest" name="loginWhileCheckout" time="40.787"/>
  <testcase classname="AEcommerce_tests.LoginEmail_ProductCheckoutTest" name="loginWhileCheckout" time="56.419"/>
  <testcase classname="AEcommerce_tests.LoginIncorrectEmailPasswordTest" name="loginIncorrect" time="15.477"/>
  <testcase classname="AEcommerce_tests.LoginIncorrectEmailPasswordTest" name="registerExistingEmail" time="7.608"/>
  <testcase classname="AEcommerce_tests.Product_ProductsDetailPage_ProductsIntoCart_UpdateCartQuantityTest" name="productCart" time="9.437"/>
  <testcase classname="AEcommerce_tests.Product_ProductsDetailPage_ProductsIntoCart_UpdateCartQuantityTest" name="updateQuantity" time="10.174"/>
  <testcase classname="AEcommerce_tests.Product_ProductsDetailPage_ProductsIntoCart_UpdateCartQuantityTest" name="verifyProductDetail" time="10.535"/>
  <testcase classname="AEcommerce_tests.SearchProduct_VerifyCartAfterLoginTest" name="removeProduct" time="20.335"/>
  <testcase classname="AEcommerce_tests.SearchProduct_VerifyCartAfterLoginTest" name="searchProduct" time="39.554"/>
  <testcase classname="AEcommerce_tests.VerifyScrollFunctionTest" name="scrollUpArrow" time="5.308"/>
  <testcase classname="AEcommerce_tests.VerifyScrollFunctionTest" name="scrollUpWithoutArrow" time="0.165"/>
  <testcase classname="AEcommerce_tests.ViewCategory_BrandProductsTest" name="viewBrandProducts" time="8.994"/>
  <testcase classname="AEcommerce_tests.ViewCategory_BrandProductsTest" name="viewCategoryProducts" time="8.097"/>
  <testcase classname="Tests.LoginCorrectEmailPasswordTest" name="loginCorrect" time="12.47"/>
  <testcase classname="Tests.RemoveProductsFromCartTest" name="removeProduct" time="26.384"/>
  <testcase classname="Tests.SubsriptionTest" name="verifySubscription" time="21.978"/>
</testsuite> <!-- Surefire test -->
