<?xml version="1.0" encoding="UTF-8"?>
<!-- Generated by org.testng.reporters.JUnitXMLReporter -->
<testsuite ignored="0" hostname="DESKTOP-UA7G0ND" failures="0" tests="2" name="Default test" time="34.879" errors="0" timestamp="2024-11-13T17:38:32 IST">
  <testcase classname="AEcommerce_tests.ViewCategory_BrandProductsTest" name="viewBrandProducts" time="18.914"/>
  <testcase classname="AEcommerce_tests.ViewCategory_BrandProductsTest" name="viewCategoryProducts" time="5.626"/>
</testsuite> <!-- Default test -->
