<?xml version="1.0" encoding="UTF-8"?>
<!-- Generated by org.testng.reporters.JUnitXMLReporter -->
<testsuite ignored="0" hostname="DESKTOP-UA7G0ND" failures="0" tests="2" name="AddRecommendedItems_ReviewProducts" time="84.059" errors="0" timestamp="2024-11-12T16:06:47 GMT+05:30">
  <testcase classname="AEcommerce_tests.AddRecommendedItems_ReviewOnProductsTest" name="addProductReview" time="13.134"/>
  <testcase classname="AEcommerce_tests.AddRecommendedItems_ReviewOnProductsTest" name="addRecommendedItems" time="7.813"/>
</testsuite> <!-- AddRecommendedItems_ReviewProducts -->
