<?xml version="1.0" encoding="UTF-8"?>
<!-- Generated by org.testng.reporters.JUnitXMLReporter -->
<testsuite ignored="0" hostname="DESKTOP-UA7G0ND" failures="2" tests="3" name="LoginIncorrect" time="63.62" errors="0" timestamp="2024-11-12T16:09:00 GMT+05:30">
  <testcase classname="AEcommerce_tests.LoginIncorrectEmailPasswordTest" name="loginIncorrect" time="26.082">
    <skipped/>
  </testcase> <!-- loginIncorrect -->
  <testcase classname="AEcommerce_tests.LoginIncorrectEmailPasswordTest" name="loginIncorrect" time="7.933">
    <failure type="java.lang.AssertionError" message="expected [Your email and password is incorrect!] but found [Your email or password is incorrect!]">
      <![CDATA[java.lang.AssertionError: expected [Your email and password is incorrect!] but found [Your email or password is incorrect!]
at AEcommerce_tests.LoginIncorrectEmailPasswordTest.loginIncorrect(LoginIncorrectEmailPasswordTest.java:25)
at java.base/java.util.ArrayList.forEach(ArrayList.java:1596)
at java.base/java.util.concurrent.FutureTask.run(FutureTask.java:317)
at java.base/java.util.concurrent.ThreadPoolExecutor.runWorker(ThreadPoolExecutor.java:1144)
at java.base/java.util.concurrent.ThreadPoolExecutor$Worker.run(ThreadPoolExecutor.java:642)
at java.base/java.lang.Thread.run(Thread.java:1583)
... Removed 22 stack frames]]>
    </failure>
  </testcase> <!-- loginIncorrect -->
  <testcase classname="AEcommerce_tests.LoginIncorrectEmailPasswordTest" name="registerExistingEmail" time="3.301">
    <failure type="java.lang.AssertionError" message="expected [New User Signup!] but found [New User Signup!Access control systems]">
      <![CDATA[java.lang.AssertionError: expected [New User Signup!] but found [New User Signup!Access control systems]
at AEcommerce_tests.LoginIncorrectEmailPasswordTest.registerExistingEmail(LoginIncorrectEmailPasswordTest.java:33)
at java.base/java.util.ArrayList.forEach(ArrayList.java:1596)
at java.base/java.util.concurrent.FutureTask.run(FutureTask.java:317)
at java.base/java.util.concurrent.ThreadPoolExecutor.runWorker(ThreadPoolExecutor.java:1144)
at java.base/java.util.concurrent.ThreadPoolExecutor$Worker.run(ThreadPoolExecutor.java:642)
at java.base/java.lang.Thread.run(Thread.java:1583)
... Removed 22 stack frames]]>
    </failure>
  </testcase> <!-- registerExistingEmail -->
</testsuite> <!-- LoginIncorrect -->
