<?xml version="1.0" encoding="UTF-8"?>
<!-- Generated by org.testng.reporters.JUnitXMLReporter -->
<testsuite ignored="0" hostname="DESKTOP-UA7G0ND" failures="0" tests="2" name="ScrollFunction" time="171.088" errors="0" timestamp="2024-11-12T16:08:14 GMT+05:30">
  <testcase classname="AEcommerce_tests.VerifyScrollFunction" name="scrollUpArrow" time="2.742"/>
  <testcase classname="AEcommerce_tests.VerifyScrollFunction" name="scrollUpWithoutArrow" time="0.779"/>
</testsuite> <!-- ScrollFunction -->
