<?xml version="1.0" encoding="UTF-8"?>
<!-- Generated by org.testng.reporters.JUnitXMLReporter -->
<testsuite ignored="0" hostname="DESKTOP-UA7G0ND" failures="0" tests="2" name="SearchProduct_VerifyCartAfterLogin" time="119.351" errors="0" timestamp="2024-11-12T16:07:22 GMT+05:30">
  <testcase classname="AEcommerce_tests.SearchProduct_VerifyCartAfterLoginTest" name="removeProduct" time="29.853"/>
  <testcase classname="AEcommerce_tests.SearchProduct_VerifyCartAfterLoginTest" name="searchProduct" time="46.045"/>
</testsuite> <!-- SearchProduct_VerifyCartAfterLogin -->
