<?xml version="1.0" encoding="UTF-8"?>
<!-- Generated by org.testng.reporters.JUnitXMLReporter -->
<testsuite ignored="2" hostname="DESKTOP-UA7G0ND" failures="0" tests="0" time="0.001" errors="0" timestamp="2024-11-15T13:45:18 IST">
  <testcase classname="AEcommerce_tests.ContactUsForm_SubscriptionTest" name="contactUs" time="0.0">
    <ignored/>
  </testcase> <!-- contactUs -->
  <testcase classname="AEcommerce_tests.ContactUsForm_SubscriptionTest" name="verifySubscription" time="0.0">
    <ignored/>
  </testcase> <!-- verifySubscription -->
</testsuite>
