<?xml version="1.0" encoding="UTF-8"?>
<!-- Generated by org.testng.reporters.JUnitXMLReporter -->
<testsuite ignored="1" hostname="DESKTOP-UA7G0ND" failures="0" tests="1" name="LoginIncorrect" time="18.779" errors="0" timestamp="2024-11-15T13:45:37 IST">
  <testcase classname="AEcommerce_tests.LoginIncorrectEmailPasswordTest" name="loginIncorrect" time="5.044"/>
  <testcase classname="AEcommerce_tests.LoginIncorrectEmailPasswordTest" name="registerExistingEmail" time="0.0">
    <ignored/>
  </testcase> <!-- registerExistingEmail -->
</testsuite> <!-- LoginIncorrect -->
