<?xml version="1.0" encoding="UTF-8"?>
<!-- Generated by org.testng.reporters.JUnitXMLReporter -->
<testsuite ignored="3" hostname="DESKTOP-UA7G0ND" failures="0" tests="0" time="0.001" errors="0" timestamp="2024-11-15T13:45:18 IST">
  <testcase classname="AEcommerce_tests.Product_ProductsDetailPage_ProductsIntoCart_UpdateCartQuantityTest" name="updateQuantity" time="0.0">
    <ignored/>
  </testcase> <!-- updateQuantity -->
  <testcase classname="AEcommerce_tests.Product_ProductsDetailPage_ProductsIntoCart_UpdateCartQuantityTest" name="verifyProductDetail" time="0.0">
    <ignored/>
  </testcase> <!-- verifyProductDetail -->
  <testcase classname="AEcommerce_tests.Product_ProductsDetailPage_ProductsIntoCart_UpdateCartQuantityTest" name="productCart" time="0.0">
    <ignored/>
  </testcase> <!-- productCart -->
</testsuite>
