<?xml version="1.0" encoding="UTF-8"?>
<!-- Generated by org.testng.reporters.JUnitXMLReporter -->
<testsuite ignored="2" hostname="DESKTOP-UA7G0ND" failures="0" tests="0" time="0.012" errors="0" timestamp="2024-11-15T13:45:18 IST">
  <testcase classname="AEcommerce_tests.VerifyScrollFunctionTest" name="scrollUpArrow" time="0.0">
    <ignored/>
  </testcase> <!-- scrollUpArrow -->
  <testcase classname="AEcommerce_tests.VerifyScrollFunctionTest" name="scrollUpWithoutArrow" time="0.0">
    <ignored/>
  </testcase> <!-- scrollUpWithoutArrow -->
</testsuite>
