<?xml version="1.0" encoding="UTF-8"?>
<testng-results ignored="0" total="1" passed="1" failed="0" skipped="0">
  <reporter-output>
  </reporter-output>
  <suite started-at="2024-11-15T13:45:18 IST" name="Suite" finished-at="2024-11-15T13:45:36 IST" duration-ms="18887">
    <groups>
      <group name="Error Handling">
        <method signature="LoginIncorrectEmailPasswordTest.loginIncorrect(java.util.HashMap)[pri:0, instance:AEcommerce_tests.LoginIncorrectEmailPasswordTest@217ed35e]" name="loginIncorrect" class="AEcommerce_tests.LoginIncorrectEmailPasswordTest"/>
      </group> <!-- Error Handling -->
    </groups>
    <test started-at="2024-11-15T13:45:18 IST" name="AddRecommendedItems_ReviewProducts" finished-at="2024-11-15T13:45:18 IST" duration-ms="24">
    </test> <!-- AddRecommendedItems_ReviewProducts -->
    <test started-at="2024-11-15T13:45:18 IST" name="SearchProduct_VerifyCartAfterLogin" finished-at="2024-11-15T13:45:18 IST" duration-ms="16">
    </test> <!-- SearchProduct_VerifyCartAfterLogin -->
    <test started-at="2024-11-15T13:45:18 IST" name="LoginBeforeCheckout" finished-at="2024-11-15T13:45:18 IST" duration-ms="23">
    </test> <!-- LoginBeforeCheckout -->
    <test started-at="2024-11-15T13:45:18 IST" name="ScrollFunction" finished-at="2024-11-15T13:45:18 IST" duration-ms="12">
    </test> <!-- ScrollFunction -->
    <test started-at="2024-11-15T13:45:18 IST" name="Test" finished-at="2024-11-15T13:45:18 IST" duration-ms="25">
    </test> <!-- Test -->
    <test started-at="2024-11-15T13:45:18 IST" name="ProductCategory_Brand" finished-at="2024-11-15T13:45:18 IST" duration-ms="0">
    </test> <!-- ProductCategory_Brand -->
    <test started-at="2024-11-15T13:45:18 IST" name="ProductDetailsPage" finished-at="2024-11-15T13:45:18 IST" duration-ms="1">
    </test> <!-- ProductDetailsPage -->
    <test started-at="2024-11-15T13:45:18 IST" name="ContactUS" finished-at="2024-11-15T13:45:18 IST" duration-ms="1">
    </test> <!-- ContactUS -->
    <test started-at="2024-11-15T13:45:18 IST" name="LoginIncorrect" finished-at="2024-11-15T13:45:36 IST" duration-ms="18779">
      <class name="AEcommerce_tests.LoginIncorrectEmailPasswordTest">
        <test-method is-config="true" signature="launchApplication()[pri:0, instance:AEcommerce_tests.LoginIncorrectEmailPasswordTest@217ed35e]" started-at="2024-11-15T13:45:18 IST" name="launchApplication" finished-at="2024-11-15T13:45:30 IST" duration-ms="11868" status="PASS">
          <reporter-output>
          </reporter-output>
        </test-method> <!-- launchApplication -->
        <test-method signature="loginIncorrect(java.util.HashMap)[pri:0, instance:AEcommerce_tests.LoginIncorrectEmailPasswordTest@217ed35e]" started-at="2024-11-15T13:45:30 IST" name="loginIncorrect" data-provider="getData" finished-at="2024-11-15T13:45:35 IST" duration-ms="5044" status="PASS">
          <params>
            <param index="0">
              <value>
                <![CDATA[{uEmail=harrysindhia@gmail.com, password=sindhiaAman55, uName=Abir Sindhia, email=harrysindhia@gmail.com}]]>
              </value>
            </param>
          </params>
          <reporter-output>
          </reporter-output>
        </test-method> <!-- loginIncorrect -->
        <test-method is-config="true" signature="tearDown()[pri:0, instance:AEcommerce_tests.LoginIncorrectEmailPasswordTest@217ed35e]" started-at="2024-11-15T13:45:35 IST" name="tearDown" finished-at="2024-11-15T13:45:36 IST" duration-ms="1537" status="PASS">
          <reporter-output>
          </reporter-output>
        </test-method> <!-- tearDown -->
      </class> <!-- AEcommerce_tests.LoginIncorrectEmailPasswordTest -->
    </test> <!-- LoginIncorrect -->
  </suite> <!-- Suite -->
</testng-results>
