<?xml version="1.0" encoding="UTF-8"?>
<testng-results ignored="0" total="2" passed="2" failed="0" skipped="0">
  <reporter-output>
  </reporter-output>
  <suite started-at="2024-11-13T17:37:57 IST" name="Default suite" finished-at="2024-11-13T17:38:32 IST" duration-ms="34879">
    <groups>
    </groups>
    <test started-at="2024-11-13T17:37:57 IST" name="Default test" finished-at="2024-11-13T17:38:32 IST" duration-ms="34879">
      <class name="AEcommerce_tests.ViewCategory_BrandProductsTest">
        <test-method is-config="true" signature="launchApplication()[pri:0, instance:AEcommerce_tests.ViewCategory_BrandProductsTest@4a94ee4]" started-at="2024-11-13T17:37:57 IST" name="launchApplication" finished-at="2024-11-13T17:38:00 IST" duration-ms="3567" status="PASS">
          <reporter-output>
          </reporter-output>
        </test-method> <!-- launchApplication -->
        <test-method signature="viewBrandProducts()[pri:0, instance:AEcommerce_tests.ViewCategory_BrandProductsTest@4a94ee4]" started-at="2024-11-13T17:38:00 IST" name="viewBrandProducts" finished-at="2024-11-13T17:38:19 IST" duration-ms="18914" status="PASS">
          <reporter-output>
          </reporter-output>
        </test-method> <!-- viewBrandProducts -->
        <test-method is-config="true" signature="tearDown()[pri:0, instance:AEcommerce_tests.ViewCategory_BrandProductsTest@4a94ee4]" started-at="2024-11-13T17:38:19 IST" name="tearDown" finished-at="2024-11-13T17:38:20 IST" duration-ms="380" status="PASS">
          <reporter-output>
          </reporter-output>
        </test-method> <!-- tearDown -->
        <test-method is-config="true" signature="launchApplication()[pri:0, instance:AEcommerce_tests.ViewCategory_BrandProductsTest@4a94ee4]" started-at="2024-11-13T17:38:20 IST" name="launchApplication" finished-at="2024-11-13T17:38:25 IST" duration-ms="5852" status="PASS">
          <reporter-output>
          </reporter-output>
        </test-method> <!-- launchApplication -->
        <test-method signature="viewCategoryProducts()[pri:0, instance:AEcommerce_tests.ViewCategory_BrandProductsTest@4a94ee4]" started-at="2024-11-13T17:38:25 IST" name="viewCategoryProducts" finished-at="2024-11-13T17:38:31 IST" duration-ms="5626" status="PASS">
          <reporter-output>
          </reporter-output>
        </test-method> <!-- viewCategoryProducts -->
        <test-method is-config="true" signature="tearDown()[pri:0, instance:AEcommerce_tests.ViewCategory_BrandProductsTest@4a94ee4]" started-at="2024-11-13T17:38:31 IST" name="tearDown" finished-at="2024-11-13T17:38:32 IST" duration-ms="492" status="PASS">
          <reporter-output>
          </reporter-output>
        </test-method> <!-- tearDown -->
      </class> <!-- AEcommerce_tests.ViewCategory_BrandProductsTest -->
    </test> <!-- Default test -->
  </suite> <!-- Default suite -->
</testng-results>
